PS W:\Projects\INC\inc-contracts> truffle migrate --network mumbai --reset

Compiling your contracts...
===========================
> Compiling .\contracts\INCForwarder.sol
> Compiling .\contracts\INCToken.sol
> Compiling .\contracts\abstractions\Context.sol
> Compiling .\contracts\abstractions\EIP712.sol
> Compiling .\contracts\abstractions\Forwardable.sol
> Compiling .\contracts\abstractions\Manageable.sol
> Compiling .\contracts\abstractions\Ownable.sol
> Compiling .\contracts\abstractions\Pausable.sol
> Compiling .\contracts\abstractions\ReentrancyGuard.sol
> Compiling .\contracts\impl\ERC20.sol
> Compiling .\contracts\impl\ERC20Permit.sol
> Compiling .\contracts\impl\TokenBase.sol
> Compiling .\contracts\interfaces\IERC20.sol
> Compiling .\contracts\interfaces\IERC20Metadata.sol
> Compiling .\contracts\interfaces\IERC20Permit.sol
> Compiling .\contracts\interfaces\IForwarder.sol
> Compiling .\contracts\interfaces\IHolding.sol
> Compiling .\contracts\interfaces\IMeasurement.sol
> Compiling .\contracts\interfaces\ITwapProvider.sol
> Compiling .\contracts\interfaces\IWETH.sol
> Compiling .\contracts\libraries\Counters.sol
> Compiling .\contracts\libraries\ECDSA.sol
> Compiling .\contracts\libraries\Math.sol
> Compiling .\contracts\survey\SurveyBase.sol
> Compiling .\contracts\survey\SurveyEngine.sol
> Compiling .\contracts\survey\SurveyStorage.sol
> Compiling .\contracts\survey\SurveyValidator.sol
> Compiling .\contracts\survey\interfaces\ISurveyBase.sol
> Compiling .\contracts\survey\interfaces\ISurveyModel.sol
> Compiling .\contracts\survey\interfaces\ISurveyStorage.sol
> Compiling .\contracts\survey\interfaces\ISurveyValidator.sol
> Compiling .\contracts\survey\libraries\Integers.sol
> Compiling .\contracts\survey\libraries\Strings.sol
> Compiling .\contracts\test\Console.sol
> Compiling .\contracts\test\ERC20Test.sol
> Compiling .\contracts\test\TokenOffer.sol
> Compiling .\contracts\test\TwapProvider.sol
> Compiling .\contracts\test\WETH.sol
> Artifacts written to W:\Projects\INC\inc-contracts\build\contracts
> Compiled successfully using:
   - solc: 0.8.0+commit.c7dfd78e.Emscripten.clang



Starting migrations...
======================
> Network name:    'mumbai'
> Network id:      80001
> Block gas limit: 20000000 (0x1312d00)


1_inc_migration.js
==================
owner  :: 0xd60895f56be15E15fc450bcad08f97937Eb6D31a
relayer:: 0x545728f530bF907d8c1eb279Aa95bE48cf175443

   Deploying 'Integers'
   --------------------
   > transaction hash:    0xeb67a7da4b8e8bbb44e9569ac3bbbfb3bfe02ab158f3d0cc96ae57678bb13ba9
   > Blocks: 1            Seconds: 8
   > contract address:    0x852e3a1b2FB095E1227Db43fd82Fd364b6a9d9Bd
   > block number:        26756751
   > block timestamp:     1655304432
   > account:             0xd60895f56be15E15fc450bcad08f97937Eb6D31a
   > balance:             9.99981948749826708
   > gas used:            72205 (0x11a0d)
   > gas price:           2.500000024 gwei
   > value sent:          0 ETH
   > total cost:          0.00018051250173292 ETH


   Deploying 'Strings'
   -------------------
   > transaction hash:    0x134469d146ff4ea7561bf86b1d9a34a010a03cee93fbc2dcec0d4f144fa1b511
   > Blocks: 1            Seconds: 8
   > contract address:    0xFe8008fE2f57064294C2267276E88EB135854eab
   > block number:        26756752
   > block timestamp:     1655304442
   > account:             0xd60895f56be15E15fc450bcad08f97937Eb6D31a
   > balance:             9.999638974996461955
   > gas used:            72205 (0x11a0d)
   > gas price:           2.500000025 gwei
   > value sent:          0 ETH
   > total cost:          0.000180512501805125 ETH


   Deploying 'Math'
   ----------------
   > transaction hash:    0x31aac0059aee549028c7e21f118607af1f70d878d64284b008800817a4930a64
   > Blocks: 1            Seconds: 8
   > contract address:    0x752ea6EaA0ed2B45f48196e3e0c888aa5699613b
   > block number:        26756753
   > block timestamp:     1655304452
   > account:             0xd60895f56be15E15fc450bcad08f97937Eb6D31a
   > balance:             9.999458462494584625
   > gas used:            72205 (0x11a0d)
   > gas price:           2.500000026 gwei
   > value sent:          0 ETH
   > total cost:          0.00018051250187733 ETH


   Deploying 'INCToken'
   --------------------
   > transaction hash:    0x5fc92a52fdc3344e1a1223ad66b550f5c13a68d47b10e68ea01ff1d889c02687
   > Blocks: 1            Seconds: 8
   > contract address:    0x25560390061d9F00899245e9ef15631169A8Dc9e
   > block number:        26756754
   > block timestamp:     1655304462
   > account:             0xd60895f56be15E15fc450bcad08f97937Eb6D31a
   > balance:             9.991076819904062886
   > gas used:            3352657 (0x332851)
   > gas price:           2.500000027 gwei
   > value sent:          0 ETH
   > total cost:          0.008381642590521739 ETH


   Deploying 'SurveyStorage'
   -------------------------
   > transaction hash:    0x840760f568a625f0456ef55ac915f602d5fe545dc6be35197d9c22c700079169
   > Blocks: 1            Seconds: 8
   > contract address:    0xCeeC37C647b8E1644B1351707418025b57E15397
   > block number:        26756755
   > block timestamp:     1655304472
   > account:             0xd60895f56be15E15fc450bcad08f97937Eb6D31a
   > balance:             9.977547417247121817
   > gas used:            5411761 (0x5293b1)
   > gas price:           2.500000029 gwei
   > value sent:          0 ETH
   > total cost:          0.013529402656941069 ETH


   Deploying 'SurveyValidator'
   ---------------------------
   > transaction hash:    0x4b34c63316ad75d461cb79bcb79c56a5dbb8c733d127c1d895ca836393f43edc
   > Blocks: 0            Seconds: 4
   > contract address:    0x05088E1194249b8CAF4C33cec538e69dEcfA04B0
   > block number:        26756756
   > block timestamp:     1655304482
   > account:             0xd60895f56be15E15fc450bcad08f97937Eb6D31a
   > balance:             9.966389092108758587
   > gas used:            4463330 (0x441ae2)
   > gas price:           2.500000031 gwei
   > value sent:          0 ETH
   > total cost:          0.01115832513836323 ETH


   Deploying 'INCForwarder'
   ------------------------
   > transaction hash:    0x338993a114cebde48540d12bd6d67a8f6e0a83932b76482e6d3e759e62685fa1
   > Blocks: 0            Seconds: 4
   > contract address:    0x4b0Dc1F3abA9216C5D885A957cAcEE6B1Ae89b85
   > block number:        26756757
   > block timestamp:     1655304492
   > account:             0xd60895f56be15E15fc450bcad08f97937Eb6D31a
   > balance:             9.963384547069098593
   > gas used:            1201818 (0x12569a)
   > gas price:           2.500000033 gwei
   > value sent:          0 ETH
   > total cost:          0.003004545039659994 ETH


   Deploying 'SurveyEngine'
   ------------------------
   > transaction hash:    0x64e9aecefd5ea1b4d5ffc669c85cf7f4946178504aaf66788ce62e76eaeefcd2
   > Blocks: 1            Seconds: 8
   > contract address:    0xb07Cc996Ce0890fe78C1e439a55934A3a6ec09b4
   > block number:        26756758
   > block timestamp:     1655304502
   > account:             0xd60895f56be15E15fc450bcad08f97937Eb6D31a
   > balance:             9.955184276957574921
   > gas used:            3280108 (0x320cec)
   > gas price:           2.500000034 gwei
   > value sent:          0 ETH
   > total cost:          0.008200270111523672 ETH


insufficient funds for gas * price + value
Truffle v5.4.30 (core: 5.4.30)
Node v16.13.1
PS W:\Projects\INC\inc-contracts>

PS W:\Projects\INC\inc-contracts> truffle migrate --network mumbai --reset

Compiling your contracts...
===========================
> Compiling .\contracts\INCForwarder.sol
> Compiling .\contracts\INCToken.sol
> Compiling .\contracts\abstractions\Context.sol
> Compiling .\contracts\abstractions\EIP712.sol
> Compiling .\contracts\abstractions\Forwardable.sol
> Compiling .\contracts\abstractions\Manageable.sol
> Compiling .\contracts\abstractions\Ownable.sol
> Compiling .\contracts\abstractions\Pausable.sol
> Compiling .\contracts\abstractions\ReentrancyGuard.sol
> Compiling .\contracts\impl\ERC20.sol
> Compiling .\contracts\impl\ERC20Permit.sol
> Compiling .\contracts\impl\TokenBase.sol
> Compiling .\contracts\interfaces\IERC20.sol
> Compiling .\contracts\interfaces\IERC20Metadata.sol
> Compiling .\contracts\interfaces\IERC20Permit.sol
> Compiling .\contracts\interfaces\IForwarder.sol
> Compiling .\contracts\interfaces\IHolding.sol
> Compiling .\contracts\interfaces\IMeasurement.sol
> Compiling .\contracts\interfaces\ITwapProvider.sol
> Compiling .\contracts\interfaces\IWETH.sol
> Compiling .\contracts\libraries\Counters.sol
> Compiling .\contracts\libraries\ECDSA.sol
> Compiling .\contracts\libraries\Math.sol
> Compiling .\contracts\survey\SurveyBase.sol
> Compiling .\contracts\survey\SurveyEngine.sol
> Compiling .\contracts\survey\SurveyStorage.sol
> Compiling .\contracts\survey\SurveyValidator.sol
> Compiling .\contracts\survey\interfaces\ISurveyBase.sol
> Compiling .\contracts\survey\interfaces\ISurveyModel.sol
> Compiling .\contracts\survey\interfaces\ISurveyStorage.sol
> Compiling .\contracts\survey\interfaces\ISurveyValidator.sol
> Compiling .\contracts\survey\libraries\Integers.sol
> Compiling .\contracts\survey\libraries\Strings.sol
> Compiling .\contracts\test\Console.sol
> Compiling .\contracts\test\ERC20Test.sol
> Compiling .\contracts\test\TokenOffer.sol
> Compiling .\contracts\test\TwapProvider.sol
> Compiling .\contracts\test\WETH.sol
> Artifacts written to W:\Projects\INC\inc-contracts\build\contracts
> Compiled successfully using:
   - solc: 0.8.0+commit.c7dfd78e.Emscripten.clang



Starting migrations...
======================
> Network name:    'mumbai'
> Network id:      80001
> Block gas limit: 20000000 (0x1312d00)


1_inc_migration.js
==================
owner  :: 0xd60895f56be15E15fc450bcad08f97937Eb6D31a
relayer:: 0x545728f530bF907d8c1eb279Aa95bE48cf175443
token:: 0x25560390061d9F00899245e9ef15631169A8Dc9e
survey:: 0xCeeC37C647b8E1644B1351707418025b57E15397
validator:: 0x05088E1194249b8CAF4C33cec538e69dEcfA04B0
forwarder:: 0x4b0Dc1F3abA9216C5D885A957cAcEE6B1Ae89b85
engine:: 0xb07Cc996Ce0890fe78C1e439a55934A3a6ec09b4
Success.
   -------------------------------------
   > Total cost:                   0 ETH


Summary
=======
> Total deployments:   0
> Final cost:          0 undefined

