======================

  await Integers.at('0x74b193F4Fd69222a4efF0b187189323C0102EA78');
  await Strings.at('0x10bf63a41b26bC2D9BA2bE095024fB95234621b6');
  await Helper.at('0xC9aa448B66a523b5231Cc1e46AD660664E5DeAf0');
  await MathSol.at('0xD8485C9e9E3bf01c928D179DF9F55150F6825AB0');

  const token = await INCToken.at('0x96C21987feC8d3F01a54A0A707caf445bad9E2D2');
  const offer = await TokenOffer.at('0x2214da35fC3973E0DE3F472c786dbd6FbF5c7c39');
  const interest = await TokenInterest.at('0xb9F674F06F85AC82aE1ABf16e16Cd95d513A7f80');
  const surveyImpl = await SurveyINC.at('0xb145f4cC6E54102d57EA7C760660850478724383');
  const surveyValidator = await SurveyValidator.at('0x053A3C054CF611439A3E3d622e57fFae473ea9a7');
  const forwarder = await INCForwarder.at('0x9a2d153e534A23160D6F06043893715c4e9c1EC0');

  /*await deployer.link(Integers, SurveyValidator);
  await deployer.link(Strings, [SurveyINC, SurveyValidator]);
  await deployer.link(Helper, [INCToken, TokenOffer, TokenInterest, SurveyINC, SurveyValidator, SurveyEngine, INCForwarder]);
  await deployer.link(MathSol, [INCToken, TokenOffer, TokenInterest]);*/
  await deployer.link(Helper, SurveyEngine);

  await deployer.deploy(SurveyEngine, token.address, currencyAddress, offer.address, surveyImpl.address, surveyValidator.address, forwarder.address);
  const surveyEngine = await SurveyEngine.deployed();

  await token.approveTokens(surveyEngine.address, allowanceAmount);
  await surveyImpl.setManager(surveyEngine.address);
  await surveyValidator.setManager(surveyEngine.address);

  const currency = await IERC20.at(currencyAddress);
  currency.approve(surveyEngine.address, MAX_UINT256, { from: relayer });

======================

PS W:\Projects\INC\inc-contracts> truffle migrate --network mumbai

Compiling your contracts...
===========================
> Compiling .\contracts\INCForwarder.sol
> Compiling .\contracts\INCToken.sol
> Compiling .\contracts\LPMigrator.sol
> Compiling .\contracts\Migrations.sol
> Compiling .\contracts\TokenInterest.sol
> Compiling .\contracts\TokenOffer.sol
> Compiling .\contracts\abstractions\Context.sol
> Compiling .\contracts\abstractions\EIP712.sol
> Compiling .\contracts\abstractions\Forwardable.sol
> Compiling .\contracts\abstractions\Manageable.sol
> Compiling .\contracts\abstractions\Ownable.sol
> Compiling .\contracts\abstractions\Pausable.sol
> Compiling .\contracts\abstractions\ReentrancyGuard.sol
> Compiling .\contracts\impl\ERC20.sol
> Compiling .\contracts\impl\ERC20Base.sol
> Compiling .\contracts\impl\ERC20Permit.sol
> Compiling .\contracts\interfaces\IERC20.sol
> Compiling .\contracts\interfaces\IERC20Metadata.sol
> Compiling .\contracts\interfaces\IERC20Permit.sol
> Compiling .\contracts\interfaces\IForwarder.sol
> Compiling .\contracts\interfaces\IHolding.sol
> Compiling .\contracts\interfaces\ILPMigrator.sol
> Compiling .\contracts\interfaces\IMeasurement.sol
> Compiling .\contracts\interfaces\ITokenSeller.sol
> Compiling .\contracts\libraries\Counters.sol
> Compiling .\contracts\libraries\ECDSA.sol
> Compiling .\contracts\libraries\Helper.sol
> Compiling .\contracts\libraries\Math.sol
> Compiling .\contracts\survey\SurveyBase.sol
> Compiling .\contracts\survey\SurveyEngine.sol
> Compiling .\contracts\survey\SurveyEngine.sol
> Compiling .\contracts\survey\SurveyINC.sol
> Compiling .\contracts\survey\SurveyValidator.sol
> Compiling .\contracts\survey\interfaces\ISurveyBase.sol
> Compiling .\contracts\survey\interfaces\ISurveyINC.sol
> Compiling .\contracts\survey\interfaces\ISurveyModel.sol
> Compiling .\contracts\survey\interfaces\ISurveyValidator.sol
> Compiling .\contracts\survey\interfaces\ISurveyValidatorModel.sol
> Compiling .\contracts\survey\libraries\Integers.sol
> Compiling .\contracts\survey\libraries\Strings.sol
> Compiling .\contracts\test\Console.sol
> Compiling .\contracts\test\DeflatingERC20.sol
> Compiling .\contracts\test\ERC20Test.sol
> Compiling .\contracts\test\Temp.sol
> Compiling .\contracts\test\TimeManipulator.sol
> Compiling .\contracts\test\WETH9.sol
> Compiling .\contracts\uniswapv2\UniswapV2ERC20.sol
> Compiling .\contracts\uniswapv2\UniswapV2Factory.sol
> Compiling .\contracts\uniswapv2\UniswapV2Pair.sol
> Compiling .\contracts\uniswapv2\UniswapV2Router02.sol
> Compiling .\contracts\uniswapv2\interfaces\IUniswapV2Callee.sol
> Compiling .\contracts\uniswapv2\interfaces\IUniswapV2ERC20.sol
> Compiling .\contracts\uniswapv2\interfaces\IUniswapV2Factory.sol
> Compiling .\contracts\uniswapv2\interfaces\IUniswapV2Pair.sol
> Compiling .\contracts\uniswapv2\interfaces\IUniswapV2Router01.sol
> Compiling .\contracts\uniswapv2\interfaces\IUniswapV2Router02.sol
> Compiling .\contracts\uniswapv2\interfaces\IWETH.sol
> Compiling .\contracts\uniswapv2\libraries\TransferHelper.sol
> Compiling .\contracts\uniswapv2\libraries\UQ112x112.sol
> Compiling .\contracts\uniswapv2\libraries\UniswapV2Library.sol
> Artifacts written to W:\Projects\INC\inc-contracts\build\contracts
> Compiled successfully using:
   - solc: 0.8.0+commit.c7dfd78e.Emscripten.clang



Starting migrations...
======================
> Network name:    'mumbai'
> Network id:      80001
> Block gas limit: 20000000 (0x1312d00)


1_initial_migration.js
======================
   -------------------------------------
   > Total cost:                   0 ETH


2_inc_token.js
==============
owner  :: 0x535A762e7EE02c9FAfc7607Bf6c5f7aF74a47e92
relayer:: 0xE060e955645a533203512dd3D14302669C9AAC03

   Replacing 'SurveyEngine'
   ------------------------
   > transaction hash:    0x90889ea0881eba3dbac03f484bd7cf4e55fe7324015b689e0ce17632dd6e8dec
   > Blocks: 1            Seconds: 4
   > contract address:    0x4a282efa77A4bF64DDc0F72700a6b65fE5B343A0
   > block number:        25468362
   > block timestamp:     1647002740
   > account:             0x535A762e7EE02c9FAfc7607Bf6c5f7aF74a47e92
   > balance:             8.093572413851509342
   > gas used:            3027908 (0x2e33c4)
   > gas price:           2.500000014 gwei
   > value sent:          0 ETH
   > total cost:          0.007569770042390712 ETH

token:: 0x96C21987feC8d3F01a54A0A707caf445bad9E2D2
offer:: 0x2214da35fC3973E0DE3F472c786dbd6FbF5c7c39
interest:: 0xb9F674F06F85AC82aE1ABf16e16Cd95d513A7f80
survey:: 0xb145f4cC6E54102d57EA7C760660850478724383
validator:: 0x053A3C054CF611439A3E3d622e57fFae473ea9a7
forwarder:: 0x9a2d153e534A23160D6F06043893715c4e9c1EC0
engine:: 0x4a282efa77A4bF64DDc0F72700a6b65fE5B343A0
Success.
   > Saving artifacts
   -------------------------------------
   > Total cost:     0.007569770042390712 ETH


3_inc_swap.js
=============
   -------------------------------------
   > Total cost:                   0 ETH


Summary
=======
> Total deployments:   1
> Final cost:          0.007569770042390712 ETH
