PS W:\Projects\INC\inc-contracts> truffle migrate --network mumbai --reset

Compiling your contracts...
===========================
> Compiling .\contracts\INCForwarder.sol
> Compiling .\contracts\INCToken.sol
> Compiling .\contracts\abstractions\Context.sol
> Compiling .\contracts\abstractions\EIP712.sol
> Compiling .\contracts\abstractions\Forwardable.sol
> Compiling .\contracts\abstractions\Manageable.sol
> Compiling .\contracts\abstractions\Ownable.sol
> Compiling .\contracts\abstractions\Pausable.sol
> Compiling .\contracts\abstractions\ReentrancyGuard.sol
> Compiling .\contracts\impl\ERC20.sol
> Compiling .\contracts\impl\ERC20Permit.sol
> Compiling .\contracts\impl\TokenBase.sol
> Compiling .\contracts\interfaces\IERC20.sol
> Compiling .\contracts\interfaces\IERC20Metadata.sol
> Compiling .\contracts\interfaces\IERC20Permit.sol
> Compiling .\contracts\interfaces\IForwarder.sol
> Compiling .\contracts\interfaces\IHolding.sol
> Compiling .\contracts\interfaces\IMeasurement.sol
> Compiling .\contracts\interfaces\ITwapProvider.sol
> Compiling .\contracts\interfaces\IWETH.sol
> Compiling .\contracts\libraries\Counters.sol
> Compiling .\contracts\libraries\ECDSA.sol
> Compiling .\contracts\libraries\Math.sol
> Compiling .\contracts\survey\SurveyBase.sol
> Compiling .\contracts\survey\SurveyEngine.sol
> Compiling .\contracts\survey\SurveyStorage.sol
> Compiling .\contracts\survey\SurveyValidator.sol
> Compiling .\contracts\survey\interfaces\ISurveyBase.sol
> Compiling .\contracts\survey\interfaces\ISurveyModel.sol
> Compiling .\contracts\survey\interfaces\ISurveyStorage.sol
> Compiling .\contracts\survey\interfaces\ISurveyValidator.sol
> Compiling .\contracts\survey\libraries\Integers.sol
> Compiling .\contracts\survey\libraries\Strings.sol
> Compiling .\contracts\test\Console.sol
> Compiling .\contracts\test\ERC20Test.sol
> Compiling .\contracts\test\TokenOffer.sol
> Compiling .\contracts\test\TwapProvider.sol
> Compiling .\contracts\test\WETH.sol
> Artifacts written to W:\Projects\INC\inc-contracts\build\contracts
> Compiled successfully using:
   - solc: 0.8.0+commit.c7dfd78e.Emscripten.clang



Starting migrations...
======================
> Network name:    'mumbai'
> Network id:      80001
> Block gas limit: 20000000 (0x1312d00)


1_inc_migration.js
==================
owner  :: 0xd60895f56be15E15fc450bcad08f97937Eb6D31a
relayer:: 0x545728f530bF907d8c1eb279Aa95bE48cf175443

   Deploying 'SurveyEngine'
   ------------------------
   > transaction hash:    0xb1301ae979637f5419a648aae7d73a9a73ea8cfb071c914a6a042d454f218e38
   > Blocks: 2            Seconds: 8
   > contract address:    0x2D568552DE017326fF8F5fc2E4a40d60a8EBF680
   > block number:        26758767
   > block timestamp:     1655317343
   > account:             0xd60895f56be15E15fc450bcad08f97937Eb6D31a
   > balance:             3.533937364470958931
   > gas used:            3445965 (0x3494cd)
   > gas price:           2.500000012 gwei
   > value sent:          0 ETH
   > total cost:          0.00861491254135158 ETH

token:: 0x25560390061d9F00899245e9ef15631169A8Dc9e
survey:: 0xCeeC37C647b8E1644B1351707418025b57E15397
validator:: 0x05088E1194249b8CAF4C33cec538e69dEcfA04B0
forwarder:: 0x4b0Dc1F3abA9216C5D885A957cAcEE6B1Ae89b85
engine:: 0x2D568552DE017326fF8F5fc2E4a40d60a8EBF680
Success.
   > Saving artifacts
   -------------------------------------
   > Total cost:     0.00861491254135158 ETH


Summary
=======
> Total deployments:   1
> Final cost:          0.00861491254135158 ETH

