PS W:\Projects\INC\inc-contracts> truffle migrate --network mumbai --reset
⚠ Loading development data

Compiling your contracts...
===========================
> Compiling .\contracts\INCForwarder.sol
> Compiling .\contracts\INCToken.sol
> Compiling .\contracts\abstractions\Context.sol
> Compiling .\contracts\abstractions\EIP712.sol
> Compiling .\contracts\abstractions\Forwardable.sol
> Compiling .\contracts\abstractions\Manageable.sol
> Compiling .\contracts\abstractions\Ownable.sol
> Compiling .\contracts\abstractions\ReentrancyGuard.sol
> Compiling .\contracts\impl\ERC20.sol
> Compiling .\contracts\impl\ERC20Permit.sol
> Compiling .\contracts\impl\TokenBase.sol
> Compiling .\contracts\interfaces\IERC20.sol
> Compiling .\contracts\interfaces\IERC20Metadata.sol
> Compiling .\contracts\interfaces\IERC20Permit.sol
> Compiling .\contracts\interfaces\IForwarder.sol
> Compiling .\contracts\interfaces\IHolding.sol
> Compiling .\contracts\interfaces\IMeasurement.sol
> Compiling .\contracts\interfaces\IWETH.sol
> Compiling .\contracts\libraries\Counters.sol
> Compiling .\contracts\libraries\ECDSA.sol
> Compiling .\contracts\libraries\Math.sol
> Compiling .\contracts\survey\SurveyBase.sol
> Compiling .\contracts\survey\SurveyEngine.sol
> Compiling .\contracts\survey\SurveyStorage.sol
> Compiling .\contracts\survey\SurveyValidator.sol
> Compiling .\contracts\survey\interfaces\ISurveyBase.sol
> Compiling .\contracts\survey\interfaces\ISurveyModel.sol
> Compiling .\contracts\survey\interfaces\ISurveyStorage.sol
> Compiling .\contracts\survey\interfaces\ISurveyValidator.sol
> Compiling .\contracts\survey\libraries\Integers.sol
> Compiling .\contracts\survey\libraries\Strings.sol
> Compiling .\contracts\test\Console.sol
> Compiling .\contracts\test\ERC20Test.sol
> Compiling .\contracts\test\TokenOffer.sol
> Compiling .\contracts\test\WETH.sol
> Artifacts written to W:\Projects\INC\inc-contracts\build\contracts
> Compiled successfully using:
   - solc: 0.8.0+commit.c7dfd78e.Emscripten.clang



Starting migrations...
======================
> Network name:    'mumbai'
> Network id:      80001
> Block gas limit: 19553651 (0x12a5d73)


1_inc_migration.js
==================
owner  :: 0xd60895f56be15E15fc450bcad08f97937Eb6D31a
relayer:: 0x545728f530bF907d8c1eb279Aa95bE48cf175443

   Deploying 'Integers'
   --------------------
   > transaction hash:    0x498deddd02c2f0c10a90f42c32de409ed77be4d9093682279fda41903b2221ae
   > Blocks: 1            Seconds: 4
   > contract address:    0x093cc4820Def9847F858e56BDC57155bf70042be
   > block number:        26818409
   > block timestamp:     1655663095
   > account:             0xd60895f56be15E15fc450bcad08f97937Eb6D31a
   > balance:             14.032378463365503936
   > gas used:            72205 (0x11a0d)
   > gas price:           2.500000013 gwei
   > value sent:          0 ETH
   > total cost:          0.000180512500938665 ETH


   Deploying 'Strings'
   -------------------
   > transaction hash:    0x0262c58607f9575ae0a9d22e6de9ac434126f1565b4ecfb4d454b3c78f108d9b
   > Blocks: 1            Seconds: 8
   > contract address:    0x71714AbE7C23DBd954BCd02bE4508F6b15383DA0
   > block number:        26818410
   > block timestamp:     1655663105
   > account:             0xd60895f56be15E15fc450bcad08f97937Eb6D31a
   > balance:             14.032197950864565271
   > gas used:            72205 (0x11a0d)
   > gas price:           2.500000013 gwei
   > value sent:          0 ETH
   > total cost:          0.000180512500938665 ETH


   Deploying 'Math'
   ----------------
   > transaction hash:    0xe0ccf2369db0ca4f746cde334287e26fb8b530acead6846c2ef4a85394b21fe3
   > Blocks: 1            Seconds: 8
   > contract address:    0xa6BF9f3267145eE86DFEBF00C28c4bd8307695B3
   > block number:        26818411
   > block timestamp:     1655663115
   > account:             0xd60895f56be15E15fc450bcad08f97937Eb6D31a
   > balance:             14.032017438363626606
   > gas used:            72205 (0x11a0d)
   > gas price:           2.500000013 gwei
   > value sent:          0 ETH
   > total cost:          0.000180512500938665 ETH


   Deploying 'INCToken'
   --------------------
   > transaction hash:    0x4e27b9c9dc4d1005a48440cfd026ae68dd7ac8fd15b8cb86c525362f95f43f09
   > Blocks: 0            Seconds: 4
   > contract address:    0xB7EC48DCD88D33F38f57383D7AB8534E895186a6
   > block number:        26818412
   > block timestamp:     1655663125
   > account:             0xd60895f56be15E15fc450bcad08f97937Eb6D31a
   > balance:             14.023635795816689408
   > gas used:            3352657 (0x332851)
   > gas price:           2.500000014 gwei
   > value sent:          0 ETH
   > total cost:          0.008381642546937198 ETH


   Deploying 'SurveyStorage'
   -------------------------
   > transaction hash:    0xc394bece242c826679e93b89b0b3a8ade16bf49d2b0c8f5b0b8dbc618ec7c8b2
   > Blocks: 1            Seconds: 8
   > contract address:    0x3a75d4B154830BFd41E2e89f9f06dC209c31FD0d
   > block number:        26818413
   > block timestamp:     1655663135
   > account:             0xd60895f56be15E15fc450bcad08f97937Eb6D31a
   > balance:             14.010026690735034778
   > gas used:            5443642 (0x53103a)
   > gas price:           2.500000015 gwei
   > value sent:          0 ETH
   > total cost:          0.01360910508165463 ETH


   Deploying 'SurveyValidator'
   ---------------------------
   > transaction hash:    0x99c48c2341e942829a63014823be5a74393819b52fd40c3547302fc6538c003d
   > Blocks: 0            Seconds: 4
   > contract address:    0xC4C1e242dB4Fd0DF76D1A5e8703d40991DD39629
   > block number:        26818414
   > block timestamp:     1655663145
   > account:             0xd60895f56be15E15fc450bcad08f97937Eb6D31a
   > balance:             13.998868365663621498
   > gas used:            4463330 (0x441ae2)
   > gas price:           2.500000016 gwei
   > value sent:          0 ETH
   > total cost:          0.01115832507141328 ETH


   Deploying 'INCForwarder'
   ------------------------
   > transaction hash:    0x24aa58c1ab4d00e69373083fd400c094b214fe28f61a138df96ea8e206131ab2
   > Blocks: 1            Seconds: 8
   > contract address:    0xA55Cd0Cae930AbB829078be16f9d063d1f89763F
   > block number:        26818415
   > block timestamp:     1655663155
   > account:             0xd60895f56be15E15fc450bcad08f97937Eb6D31a
   > balance:             13.996191883145421417
   > gas used:            1070593 (0x105601)
   > gas price:           2.500000017 gwei
   > value sent:          0 ETH
   > total cost:          0.002676482518200081 ETH


   Deploying 'SurveyEngine'
   ------------------------
   > transaction hash:    0x3350ef898c5ca79b6f0e7b22b8c7cc12fec1133b4bdb0ad987561529092fe144
   > Blocks: 0            Seconds: 4
   > contract address:    0xBf6Dbb44ffA75866361f502a53606bE0dE09837d
   > block number:        26818416
   > block timestamp:     1655663165
   > account:             0xd60895f56be15E15fc450bcad08f97937Eb6D31a
   > balance:             13.988128895590593102
   > gas used:            3225195 (0x31366b)
   > gas price:           2.500000017 gwei
   > value sent:          0 ETH
   > total cost:          0.008062987554828315 ETH

token:: 0xB7EC48DCD88D33F38f57383D7AB8534E895186a6
survey:: 0x3a75d4B154830BFd41E2e89f9f06dC209c31FD0d
validator:: 0xC4C1e242dB4Fd0DF76D1A5e8703d40991DD39629
forwarder:: 0xA55Cd0Cae930AbB829078be16f9d063d1f89763F
engine:: 0xBf6Dbb44ffA75866361f502a53606bE0dE09837d
Success.
   > Saving artifacts
   -------------------------------------
   > Total cost:     0.044430080275849499 ETH


Summary
=======
> Total deployments:   8
> Final cost:          0.044430080275849499 ETH


_________________________________________________________________________________________________________________________



PS W:\Projects\INC\inc-contracts> truffle migrate --network mumbai --reset
⚠ Loading development data

Compiling your contracts...
===========================
> Compiling .\contracts\INCForwarder.sol
> Compiling .\contracts\INCToken.sol
> Compiling .\contracts\TokenOffer.sol
> Compiling .\contracts\abstractions\Context.sol
> Compiling .\contracts\abstractions\EIP712.sol
> Compiling .\contracts\abstractions\Forwardable.sol
> Compiling .\contracts\abstractions\Manageable.sol
> Compiling .\contracts\abstractions\Ownable.sol
> Compiling .\contracts\abstractions\ReentrancyGuard.sol
> Compiling .\contracts\impl\ERC20.sol
> Compiling .\contracts\impl\ERC20Permit.sol
> Compiling .\contracts\impl\TokenBase.sol
> Compiling .\contracts\interfaces\IERC20.sol
> Compiling .\contracts\interfaces\IERC20Metadata.sol
> Compiling .\contracts\interfaces\IERC20Permit.sol
> Compiling .\contracts\interfaces\IForwarder.sol
> Compiling .\contracts\interfaces\IHolding.sol
> Compiling .\contracts\interfaces\IMeasurement.sol
> Compiling .\contracts\interfaces\IWETH.sol
> Compiling .\contracts\libraries\Counters.sol
> Compiling .\contracts\libraries\ECDSA.sol
> Compiling .\contracts\libraries\Math.sol
> Compiling .\contracts\survey\SurveyBase.sol
> Compiling .\contracts\survey\SurveyEngine.sol
> Compiling .\contracts\survey\SurveyStorage.sol
> Compiling .\contracts\survey\SurveyValidator.sol
> Compiling .\contracts\survey\interfaces\ISurveyBase.sol
> Compiling .\contracts\survey\interfaces\ISurveyEngine.sol
> Compiling .\contracts\survey\interfaces\ISurveyModel.sol
> Compiling .\contracts\survey\interfaces\ISurveyStorage.sol
> Compiling .\contracts\survey\interfaces\ISurveyValidator.sol
> Compiling .\contracts\survey\libraries\Integers.sol
> Compiling .\contracts\survey\libraries\Strings.sol
> Compiling .\contracts\test\Console.sol
> Compiling .\contracts\test\ERC20Test.sol
> Compiling .\contracts\test\NewEngine.sol
> Compiling .\contracts\test\WETH.sol
> Artifacts written to W:\Projects\INC\inc-contracts\build\contracts
> Compiled successfully using:
   - solc: 0.8.0+commit.c7dfd78e.Emscripten.clang



Starting migrations...
======================
> Network name:    'mumbai'
> Network id:      80001
> Block gas limit: 20000000 (0x1312d00)


1_inc_migration.js
==================
owner  :: 0xd60895f56be15E15fc450bcad08f97937Eb6D31a
relayer:: 0x545728f530bF907d8c1eb279Aa95bE48cf175443

   Replacing 'TokenOffer'
   ----------------------
   > transaction hash:    0xd11e94bd5403a7a9ee83552fe1accee124a38ed694a4f57d75d200d48667d4b4
   > Blocks: 4            Seconds: 24
   > contract address:    0xc994C737eD444F025fc9AD15CF231bd1D04D556C
   > block number:        27520802
   > block timestamp:     1659915137
   > account:             0xd60895f56be15E15fc450bcad08f97937Eb6D31a
   > balance:             12.158335296677358389
   > gas used:            855952 (0xd0f90)
   > gas price:           2.500000008 gwei
   > value sent:          0 ETH
   > total cost:          0.002139880006847616 ETH

token:: 0xB7EC48DCD88D33F38f57383D7AB8534E895186a6
offer:: 0xc994C737eD444F025fc9AD15CF231bd1D04D556C
survey:: 0x3a75d4B154830BFd41E2e89f9f06dC209c31FD0d
validator:: 0xC4C1e242dB4Fd0DF76D1A5e8703d40991DD39629
forwarder:: 0xA55Cd0Cae930AbB829078be16f9d063d1f89763F
engine:: 0xBf6Dbb44ffA75866361f502a53606bE0dE09837d
Success.
   > Saving artifacts
   -------------------------------------
   > Total cost:     0.002139880006847616 ETH


Summary
=======
> Total deployments:   1
> Final cost:          0.002139880006847616 ETH

