PS W:\Projects\INC\inc-contracts> truffle migrate --network mumbai --reset

Compiling your contracts...
===========================
> Compiling .\contracts\INCForwarder.sol
> Compiling .\contracts\INCToken.sol
> Compiling .\contracts\Migrations.sol
> Compiling .\contracts\TokenOffer.sol
> Compiling .\contracts\abstractions\Context.sol
> Compiling .\contracts\abstractions\EIP712.sol
> Compiling .\contracts\abstractions\Forwardable.sol
> Compiling .\contracts\abstractions\Manageable.sol
> Compiling .\contracts\abstractions\Ownable.sol
> Compiling .\contracts\abstractions\Pausable.sol
> Compiling .\contracts\abstractions\ReentrancyGuard.sol
> Compiling .\contracts\impl\ERC20.sol
> Compiling .\contracts\impl\ERC20Permit.sol
> Compiling .\contracts\impl\TokenBase.sol
> Compiling .\contracts\interfaces\IERC20.sol
> Compiling .\contracts\interfaces\IERC20Metadata.sol
> Compiling .\contracts\interfaces\IERC20Permit.sol
> Compiling .\contracts\interfaces\IForwarder.sol
> Compiling .\contracts\interfaces\IHolding.sol
> Compiling .\contracts\interfaces\IMeasurement.sol
> Compiling .\contracts\interfaces\ITokenOffer.sol
> Compiling .\contracts\libraries\Counters.sol
> Compiling .\contracts\libraries\ECDSA.sol
> Compiling .\contracts\libraries\Helper.sol
> Compiling .\contracts\libraries\Math.sol
> Compiling .\contracts\survey\SurveyBase.sol
> Compiling .\contracts\survey\SurveyEngine.sol
> Compiling .\contracts\survey\SurveyINC.sol
> Compiling .\contracts\survey\SurveyValidator.sol
> Compiling .\contracts\survey\interfaces\ISurveyBase.sol
> Compiling .\contracts\survey\interfaces\ISurveyINC.sol
> Compiling .\contracts\survey\interfaces\ISurveyModel.sol
> Compiling .\contracts\survey\interfaces\ISurveyValidator.sol
> Compiling .\contracts\survey\libraries\Integers.sol
> Compiling .\contracts\survey\libraries\Strings.sol
> Compiling .\contracts\test\Console.sol
> Compiling .\contracts\test\ERC20Test.sol
> Compiling .\contracts\test\WETH9.sol
> Artifacts written to W:\Projects\INC\inc-contracts\build\contracts
> Compiled successfully using:
   - solc: 0.8.0+commit.c7dfd78e.Emscripten.clang



Starting migrations...
======================
> Network name:    'mumbai'
> Network id:      80001
> Block gas limit: 20000000 (0x1312d00)


1_initial_migration.js
======================
   -------------------------------------
   > Total cost:                   0 ETH


2_inc_token.js
==============
owner  :: 0x535A762e7EE02c9FAfc7607Bf6c5f7aF74a47e92
relayer:: 0xE060e955645a533203512dd3D14302669C9AAC03

   Deploying 'Integers'
   --------------------
   > transaction hash:    0x70f7c65cf589424729fed57605c97da5fc739bc0a1878156a821d69ab5aba8c7
   > Blocks: 0            Seconds: 8
   > contract address:    0x8b91db9a8f78f317FB0e91087BbC993d15160016
   > block number:        26478688
   > block timestamp:     1653595452
   > account:             0x535A762e7EE02c9FAfc7607Bf6c5f7aF74a47e92
   > balance:             7.132176168911491283
   > gas used:            72205 (0x11a0d)
   > gas price:           2.500000019 gwei
   > value sent:          0 ETH
   > total cost:          0.000180512501371895 ETH


   Deploying 'Strings'
   -------------------
   > transaction hash:    0x90834459aa8e27d76f4b9a57dd84fe77d0fa57344c28912b46ec0400b0797651
   > Blocks: 1            Seconds: 16
   > contract address:    0x449077A7155A520E601457b0DA7781d0A77F2E3A
   > block number:        26478690
   > block timestamp:     1653595472
   > account:             0x535A762e7EE02c9FAfc7607Bf6c5f7aF74a47e92
   > balance:             7.131995656410191593
   > gas used:            72205 (0x11a0d)
   > gas price:           2.500000018 gwei
   > value sent:          0 ETH
   > total cost:          0.00018051250129969 ETH


   Deploying 'Helper'
   ------------------
   > transaction hash:    0xc066c6cdd8752364f95403b415dde42878b99cda0126323ba69d63e5c3b6c195
   > Blocks: 0            Seconds: 4
   > contract address:    0x868955b8534b33fa1E142eCDCD17B81e946B856f
   > block number:        26478691
   > block timestamp:     1653595482
   > account:             0x535A762e7EE02c9FAfc7607Bf6c5f7aF74a47e92
   > balance:             7.131815203908820154
   > gas used:            72181 (0x119f5)
   > gas price:           2.500000019 gwei
   > value sent:          0 ETH
   > total cost:          0.000180452501371439 ETH


   Deploying 'Math'
   ----------------
   > transaction hash:    0xf9c261304b6ad2fd60d6e9eb08fc05bd3991817d2a5844b4e8045d1314f679c1
   > Blocks: 0            Seconds: 8
   > contract address:    0x3c754E1511DbcCe8640633C76Bd708DebC973E89
   > block number:        26478692
   > block timestamp:     1653595492
   > account:             0x535A762e7EE02c9FAfc7607Bf6c5f7aF74a47e92
   > balance:             7.131634691407448259
   > gas used:            72205 (0x11a0d)
   > gas price:           2.500000019 gwei
   > value sent:          0 ETH
   > total cost:          0.000180512501371895 ETH


   Deploying 'INCToken'
   --------------------
   > transaction hash:    0xea19f3575c4214f99cfc4504ee2df10437138d8c12ed26ebc8aab536d6f865f0
   > Blocks: 0            Seconds: 4
   > contract address:    0x4AeF5A0B0f8a9B0b6c79811a97080c4741F7B24b
   > block number:        26478693
   > block timestamp:     1653595502
   > account:             0x535A762e7EE02c9FAfc7607Bf6c5f7aF74a47e92
   > balance:             7.122453016337667529
   > gas used:            3672670 (0x380a5e)
   > gas price:           2.500000019 gwei
   > value sent:          0 ETH
   > total cost:          0.00918167506978073 ETH


   Deploying 'TokenOffer'
   ----------------------
   > transaction hash:    0x3359ff811236157cd0a2cd45126dbbb2274010631639a85074be9466e6405ef3
   > Blocks: 1            Seconds: 8
   > contract address:    0x8724E3EB3b4F42BdF5333311Af08E8190E430D05
   > block number:        26478694
   > block timestamp:     1653595512
   > account:             0x535A762e7EE02c9FAfc7607Bf6c5f7aF74a47e92
   > balance:             7.118661468808851768
   > gas used:            1516619 (0x17244b)
   > gas price:           2.500000019 gwei
   > value sent:          0 ETH
   > total cost:          0.003791547528815761 ETH


   Deploying 'SurveyINC'
   ---------------------
   > transaction hash:    0xf8e77102534cd3959758ef93dea073a9e158e0150260a1eb801a020b5920b560
   > Blocks: 1            Seconds: 8
   > contract address:    0x7048807AF24c54B58994F7468D8b3399aC7C6B84
   > block number:        26478695
   > block timestamp:     1653595522
   > account:             0x535A762e7EE02c9FAfc7607Bf6c5f7aF74a47e92
   > balance:             7.104986033699448288
   > gas used:            5470174 (0x5377de)
   > gas price:           2.50000002 gwei
   > value sent:          0 ETH
   > total cost:          0.01367543510940348 ETH


   Deploying 'SurveyValidator'
   ---------------------------
   > transaction hash:    0x97e07168f9b99a3973674c754b3d5ce23fbf9df0abe46080746fa0a27c79116b
   > Blocks: 0            Seconds: 4
   > contract address:    0xB605F7BF3D663bAb2b9e61Ae29CeeC69dC3f6Ae6
   > block number:        26478696
   > block timestamp:     1653595532
   > account:             0x535A762e7EE02c9FAfc7607Bf6c5f7aF74a47e92
   > balance:             7.093600818603812482
   > gas used:            4554086 (0x457d66)
   > gas price:           2.500000021 gwei
   > value sent:          0 ETH
   > total cost:          0.011385215095635806 ETH


   Deploying 'INCForwarder'
   ------------------------
   > transaction hash:    0x94955133e5aeb197435aa21ccb8acc177a9ccd946a635bb1ff0bdea71469c685
   > Blocks: 1            Seconds: 8
   > contract address:    0x72a2809198df0f4e55d0fF88463a5B7C05b820BF
   > block number:        26478697
   > block timestamp:     1653595542
   > account:             0x535A762e7EE02c9FAfc7607Bf6c5f7aF74a47e92
   > balance:             7.090269466073164039
   > gas used:            1332541 (0x14553d)
   > gas price:           2.500000023 gwei
   > value sent:          0 ETH
   > total cost:          0.003331352530648443 ETH


   Deploying 'SurveyEngine'
   ------------------------
   > transaction hash:    0x8eaeb43194c19d7b4b22941f6e4365604c58f05887de64cf14d6feabd665a58f
   > Blocks: 1            Seconds: 8
   > contract address:    0x2eb2B506cFB9Ab4Df0B2716507f63Fa1C9d2c6C6
   > block number:        26478698
   > block timestamp:     1653595552
   > account:             0x535A762e7EE02c9FAfc7607Bf6c5f7aF74a47e92
   > balance:             7.082515893498729743
   > gas used:            3101429 (0x2f52f5)
   > gas price:           2.500000024 gwei
   > value sent:          0 ETH
   > total cost:          0.007753572574434296 ETH

token:: 0x4AeF5A0B0f8a9B0b6c79811a97080c4741F7B24b
offer:: 0x8724E3EB3b4F42BdF5333311Af08E8190E430D05
survey:: 0x7048807AF24c54B58994F7468D8b3399aC7C6B84
validator:: 0xB605F7BF3D663bAb2b9e61Ae29CeeC69dC3f6Ae6
forwarder:: 0x72a2809198df0f4e55d0fF88463a5B7C05b820BF
engine:: 0x2eb2B506cFB9Ab4Df0B2716507f63Fa1C9d2c6C6
Success.
   > Saving artifacts
   -------------------------------------
   > Total cost:     0.049840787914133435 ETH


Summary
=======
> Total deployments:   10
> Final cost:          0.049840787914133435 ETH
