
W:\Projects\INC\inc-contracts>truffle compile
⚠ Loading testnet data

Compiling your contracts...
===========================
> Compiling @openzeppelin\contracts\\security\ReentrancyGuard.sol
> Compiling @openzeppelin\contracts\access\AccessControl.sol
> Compiling @openzeppelin\contracts\access\IAccessControl.sol
> Compiling @openzeppelin\contracts\access\Ownable.sol
> Compiling @openzeppelin\contracts\governance\Governor.sol
> Compiling @openzeppelin\contracts\governance\IGovernor.sol
> Compiling @openzeppelin\contracts\governance\TimelockController.sol
> Compiling @openzeppelin\contracts\governance\extensions\GovernorCountingSimple.sol
> Compiling @openzeppelin\contracts\governance\extensions\GovernorSettings.sol
> Compiling @openzeppelin\contracts\governance\extensions\GovernorTimelockControl.sol
> Compiling @openzeppelin\contracts\governance\extensions\GovernorVotes.sol
> Compiling @openzeppelin\contracts\governance\extensions\GovernorVotesQuorumFraction.sol
> Compiling @openzeppelin\contracts\governance\extensions\IGovernorTimelock.sol
> Compiling @openzeppelin\contracts\governance\utils\IVotes.sol
> Compiling @openzeppelin\contracts\token\ERC1155\IERC1155Receiver.sol
> Compiling @openzeppelin\contracts\token\ERC20\ERC20.sol
> Compiling @openzeppelin\contracts\token\ERC20\IERC20.sol
> Compiling @openzeppelin\contracts\token\ERC20\extensions\ERC20Votes.sol
> Compiling @openzeppelin\contracts\token\ERC20\extensions\IERC20Metadata.sol
> Compiling @openzeppelin\contracts\token\ERC20\extensions\draft-ERC20Permit.sol
> Compiling @openzeppelin\contracts\token\ERC20\extensions\draft-IERC20Permit.sol
> Compiling @openzeppelin\contracts\token\ERC721\IERC721Receiver.sol
> Compiling @openzeppelin\contracts\utils\Address.sol
> Compiling @openzeppelin\contracts\utils\Checkpoints.sol
> Compiling @openzeppelin\contracts\utils\Context.sol
> Compiling @openzeppelin\contracts\utils\Counters.sol
> Compiling @openzeppelin\contracts\utils\Strings.sol
> Compiling @openzeppelin\contracts\utils\Timers.sol
> Compiling @openzeppelin\contracts\utils\cryptography\ECDSA.sol
> Compiling @openzeppelin\contracts\utils\cryptography\draft-EIP712.sol
> Compiling @openzeppelin\contracts\utils\introspection\ERC165.sol
> Compiling @openzeppelin\contracts\utils\introspection\IERC165.sol
> Compiling @openzeppelin\contracts\utils\math\Math.sol
> Compiling @openzeppelin\contracts\utils\math\SafeCast.sol
> Compiling @openzeppelin\contracts\utils\structs\DoubleEndedQueue.sol
> Compiling .\contracts\INCForwarder.sol
> Compiling .\contracts\INCGovernor.sol
> Compiling .\contracts\INCToken.sol
> Compiling .\contracts\TokenLock.sol
> Compiling .\contracts\TokenOffer.sol
> Compiling .\contracts\abstractions\Forwardable.sol
> Compiling .\contracts\abstractions\Manageable.sol
> Compiling .\contracts\interfaces\IForwarder.sol
> Compiling .\contracts\interfaces\IWETH.sol
> Compiling .\contracts\libraries\IntUtils.sol
> Compiling .\contracts\libraries\SafeERC20Namer.sol
> Compiling .\contracts\libraries\StringUtils.sol
> Compiling .\contracts\libraries\TransferHelper.sol
> Compiling .\contracts\survey\SurveyBase.sol
> Compiling .\contracts\survey\SurveyConfig.sol
> Compiling .\contracts\survey\SurveyEngine.sol
> Compiling .\contracts\survey\SurveyFactory.sol
> Compiling .\contracts\survey\SurveyImpl.sol
> Compiling .\contracts\survey\SurveyStorage.sol
> Compiling .\contracts\survey\SurveyValidator.sol
> Compiling .\contracts\survey\interfaces\ISurveyBase.sol
> Compiling .\contracts\survey\interfaces\ISurveyConfig.sol
> Compiling .\contracts\survey\interfaces\ISurveyEngine.sol
> Compiling .\contracts\survey\interfaces\ISurveyFactory.sol
> Compiling .\contracts\survey\interfaces\ISurveyImpl.sol
> Compiling .\contracts\survey\interfaces\ISurveyModel.sol
> Compiling .\contracts\survey\interfaces\ISurveyStorage.sol
> Compiling .\contracts\survey\interfaces\ISurveyValidator.sol
> Compiling .\contracts\test\Console.sol
> Compiling .\contracts\test\ERC20Test.sol
> Compiling .\contracts\test\SafeERC20NamerTest.sol
> Compiling .\contracts\test\StringUtilsTest.sol
> Compiling .\contracts\test\WETH.sol
> Artifacts written to W:\Projects\INC\inc-contracts\build\contracts
> Compiled successfully using:
   - solc: 0.8.7+commit.e28d00a7.Emscripten.clang


W:\Projects\INC\inc-contracts>set NODE_ENV=dev&&truffle migrate --network mumbai --reset --compile-none
⚠ Loading testnet data

Compiling your contracts...
===========================
> Compilation skipped because --compile-none option was passed.



Starting migrations...
======================
> Network name:    'mumbai'
> Network id:      80001
> Block gas limit: 20000000 (0x1312d00)


0_inc_token.js
==============

   Deploying 'INCToken'
   --------------------
   > transaction hash:    0x13c1e2ffb24c0ef1bd00f6660895c933af3e5df5c47ca505db736e5d5942bf2e
   > Blocks: 1            Seconds: 8
   > contract address:    0xe3648E06EC94309F97F554E027C7b6AC9aFaD0De
   > block number:        29154765
   > block timestamp:     1668462916
   > account:             0xd60895f56be15E15fc450bcad08f97937Eb6D31a
   > balance:             6.822684456268480068
   > gas used:            1996041 (0x1e7509)
   > gas price:           2.50000001 gwei
   > value sent:          0 ETH
   > total cost:          0.00499010251996041 ETH

   > Saving artifacts
   -------------------------------------
   > Total cost:     0.00499010251996041 ETH


1_inc_protocol.js
=================

   Deploying 'StringUtils'
   -----------------------
   > transaction hash:    0x985f046634535e1ace9ebdf35e2ff2c46cb047e1a75ceca967ca2ffb0713424a
   > Blocks: 1            Seconds: 8
   > contract address:    0x8AD97D25687F656dfe7B3B2B4aB8AaaAC6F32329
   > block number:        29154768
   > block timestamp:     1668462931
   > account:             0xd60895f56be15E15fc450bcad08f97937Eb6D31a
   > balance:             6.822503913767685681
   > gas used:            72217 (0x11a19)
   > gas price:           2.500000011 gwei
   > value sent:          0 ETH
   > total cost:          0.000180542500794387 ETH


   Deploying 'IntUtils'
   --------------------
   > transaction hash:    0x7a40f17dff2a345df3559413a16eb2a83ca2f5d86d685f198de12dcf43669df3
   > Blocks: 2            Seconds: 8
   > contract address:    0xA45f41f587aBe7851E85ea6F20263a583554167B
   > block number:        29154770
   > block timestamp:     1668462941
   > account:             0xd60895f56be15E15fc450bcad08f97937Eb6D31a
   > balance:             6.822323371266891294
   > gas used:            72217 (0x11a19)
   > gas price:           2.500000011 gwei
   > value sent:          0 ETH
   > total cost:          0.000180542500794387 ETH


   Deploying 'TransferHelper'
   --------------------------
   > transaction hash:    0xd0b95510cb78516311cd33f3174ca9510d003c5e8e7a187952cead56b3d97e9b
   > Blocks: 2            Seconds: 8
   > contract address:    0x19B816a25A3306E5F420FB13E3b4E812449F1BFB
   > block number:        29154772
   > block timestamp:     1668462951
   > account:             0xd60895f56be15E15fc450bcad08f97937Eb6D31a
   > balance:             6.822142828766169124
   > gas used:            72217 (0x11a19)
   > gas price:           2.50000001 gwei
   > value sent:          0 ETH
   > total cost:          0.00018054250072217 ETH


   Deploying 'SurveyFactory'
   -------------------------
   > transaction hash:    0x3cb6f3ff7e313ebf06e74dd773fa7b30f98f819196bff16d1bd349fa91fd1600
   > Blocks: 3            Seconds: 12
   > contract address:    0xDbCe2204CB1181f07b481b217f812917c543c820
   > block number:        29154775
   > block timestamp:     1668462966
   > account:             0xd60895f56be15E15fc450bcad08f97937Eb6D31a
   > balance:             6.809948013717389864
   > gas used:            4877926 (0x4a6e66)
   > gas price:           2.50000001 gwei
   > value sent:          0 ETH
   > total cost:          0.01219481504877926 ETH


   Deploying 'SurveyValidator'
   ---------------------------
   > transaction hash:    0xc21027ba42f5d7e1c014ea7331e6cd0d999675467b88d0dc73692a5a3ea01a5d
   > Blocks: 1            Seconds: 4
   > contract address:    0x2EB7c8af6e1DfB64dbd4581f3e7e528cEC95454c
   > block number:        29154777
   > block timestamp:     1668462976
   > account:             0xd60895f56be15E15fc450bcad08f97937Eb6D31a
   > balance:             6.799476548675504004
   > gas used:            4188586 (0x3fe9aa)
   > gas price:           2.50000001 gwei
   > value sent:          0 ETH
   > total cost:          0.01047146504188586 ETH


   Deploying 'SurveyConfig'
   ------------------------
   > transaction hash:    0xe7ba777c6efa85a75fa0f331c19102c0883ef2a3b374577e9ed8d6e8fa1f00f8
   > Blocks: 1            Seconds: 4
   > contract address:    0x06d63EE6891aCb679FACc87b6A559D4bE9c24820
   > block number:        29154779
   > block timestamp:     1668462986
   > account:             0xd60895f56be15E15fc450bcad08f97937Eb6D31a
   > balance:             6.797801781168804934
   > gas used:            669907 (0xa38d3)
   > gas price:           2.50000001 gwei
   > value sent:          0 ETH
   > total cost:          0.00167476750669907 ETH


   Deploying 'SurveyStorage'
   -------------------------
   > transaction hash:    0x64ed5bba2983c5ee76746d68b4fcbb96904b6e4745ba8743fda68dfe488c719a
   > Blocks: 1            Seconds: 4
   > contract address:    0x483567B064d82840F155c2356433A84Ca04431eB
   > block number:        29154781
   > block timestamp:     1668462996
   > account:             0xd60895f56be15E15fc450bcad08f97937Eb6D31a
   > balance:             6.788106398630023404
   > gas used:            3878153 (0x3b2d09)
   > gas price:           2.50000001 gwei
   > value sent:          0 ETH
   > total cost:          0.00969538253878153 ETH


   Deploying 'INCForwarder'
   ------------------------
   > transaction hash:    0x063caaa98db82ee1b7ce7eb6897fabeb9ae72589d513fae85fcbff1990b5a825
   > Blocks: 1            Seconds: 4
   > contract address:    0x0c8C2F50f68ad767a653F098017A81484514C77d
   > block number:        29154783
   > block timestamp:     1668463006
   > account:             0xd60895f56be15E15fc450bcad08f97937Eb6D31a
   > balance:             6.785421048619282004
   > gas used:            1074140 (0x1063dc)
   > gas price:           2.50000001 gwei
   > value sent:          0 ETH
   > total cost:          0.0026853500107414 ETH


   Deploying 'SurveyEngine'
   ------------------------
   > transaction hash:    0x6e139d2f7c0391aa681422c378fbabd68cbd5ef425c1de5c847c76572e2fb8c3
   > Blocks: 1            Seconds: 4
   > contract address:    0x8F529D38f22030E1a298bD727Cf0D6458E395A7e
   > block number:        29154785
   > block timestamp:     1668463016
   > account:             0xd60895f56be15E15fc450bcad08f97937Eb6D31a
   > balance:             6.778265601090660214
   > gas used:            2862179 (0x2bac63)
   > gas price:           2.50000001 gwei
   > value sent:          0 ETH
   > total cost:          0.00715544752862179 ETH

   > Saving artifacts
   -------------------------------------
   > Total cost:     0.044418855177819854 ETH


2_inc_governor.js
=================

   Deploying 'TimelockController'
   ------------------------------
   > transaction hash:    0x9ede87b06b231bcd5a8f2bb43b7d3f114d17e5ac00a8e1d801ba651500aa9ddc
   > Blocks: 1            Seconds: 4
   > contract address:    0x4378262bAc31833238cF890Da055B63F2c98BeEA
   > block number:        29154811
   > block timestamp:     1668463146
   > account:             0xd60895f56be15E15fc450bcad08f97937Eb6D31a
   > balance:             6.772298988569180409
   > gas used:            1914809 (0x1d37b9)
   > gas price:           2.500000009 gwei
   > value sent:          0 ETH
   > total cost:          0.004787022517233281 ETH


   Deploying 'INCGovernor'
   -----------------------
   > transaction hash:    0xcfb42bfcdd7af430e7e4269f0be3cc4aa381e2aab5f778c206793250fbbe627d
   > Blocks: 2            Seconds: 8
   > contract address:    0x11BCA12B4bb3670E07f3e94EE6324D14109be1Ed
   > block number:        29154813
   > block timestamp:     1668463156
   > account:             0xd60895f56be15E15fc450bcad08f97937Eb6D31a
   > balance:             6.763272328536684433
   > gas used:            3610664 (0x371828)
   > gas price:           2.500000009 gwei
   > value sent:          0 ETH
   > total cost:          0.009026660032495976 ETH

   > Saving artifacts
   -------------------------------------
   > Total cost:     0.013813682549729257 ETH


3_inc_tokenlock.js
==================

   Deploying 'TokenLock'
   ---------------------
   > transaction hash:    0xda4a0e2d28289f826ac2e734727d0f5860983c6b64ec560c43836ea2f0f0ee5e
   > Blocks: 1            Seconds: 4
   > contract address:    0x20afE43994a142C293595Df89Ec0DA9Ad4413330
   > block number:        29154818
   > block timestamp:     1668463182
   > account:             0xd60895f56be15E15fc450bcad08f97937Eb6D31a
   > balance:             6.761880768531197202
   > gas used:            477615 (0x749af)
   > gas price:           2.50000001 gwei
   > value sent:          0 ETH
   > total cost:          0.00119403750477615 ETH

   > Saving artifacts
   -------------------------------------
   > Total cost:     0.00119403750477615 ETH


4_distribute_tokens.js
======================
Token balances:
  DAO: 30000000000
  Contributors: 25000000000
  TokenLock: 45000000000
    Locked DAO: 45000000000
  TOTAL: 100000000000
   -------------------------------------
   > Total cost:                   0 ETH


5_initial_offer.js
==================

   Deploying 'TokenOffer'
   ----------------------
   > transaction hash:    0x74f3960162ce07851b262d096774e0b16ee36d4432197f097a932a1204286e58
   > Blocks: 2            Seconds: 8
   > contract address:    0xBcC772AE71841495FaefD44dc91b342cc74E1441
   > block number:        29154824
   > block timestamp:     1668463212
   > account:             0xd60895f56be15E15fc450bcad08f97937Eb6D31a
   > balance:             6.759490068521634402
   > gas used:            767308 (0xbb54c)
   > gas price:           2.50000001 gwei
   > value sent:          0 ETH
   > total cost:          0.00191827000767308 ETH

   > Saving artifacts
   -------------------------------------
   > Total cost:     0.00191827000767308 ETH


98_transfer_ownership.js
========================
   -------------------------------------
   > Total cost:                   0 ETH


99_write_abis.js
================

Addresses:
  owner: 0xd60895f56be15E15fc450bcad08f97937Eb6D31a
  custody: 0x545728f530bF907d8c1eb279Aa95bE48cf175443
  relayers: 0xD07e4Fb8b2BbA4422c64Ad68822D11235694bA84,0x0cC1ca329d9ED4ac79882ABbb10673A4e533FdEc,0x23Ea365F578447ef70e26b60f77a759F092aD246,0x12f5CcE584A0658ED9fa9070384Aa8783aC1eA4c,0xD860C5Dc44AAFd8904773f596BC256fF8fB3035e,0x2441462231F5e72de890701746a42642380bD3da,0x973Fb9eE2911A502D94f624f5dfd56a170AeF6Ef,0xBb12C76EF2242E91C2AaF21854383c9DB69EF3b2
  token: 0xe3648E06EC94309F97F554E027C7b6AC9aFaD0De
  offer: 0xBcC772AE71841495FaefD44dc91b342cc74E1441
  config: 0x06d63EE6891aCb679FACc87b6A559D4bE9c24820
  storage: 0x483567B064d82840F155c2356433A84Ca04431eB
  factory: 0xDbCe2204CB1181f07b481b217f812917c543c820
  validator: 0x2EB7c8af6e1DfB64dbd4581f3e7e528cEC95454c
  forwarder: 0x0c8C2F50f68ad767a653F098017A81484514C77d
  engine: 0x8F529D38f22030E1a298bD727Cf0D6458E395A7e
  timelock: 0x4378262bAc31833238cF890Da055B63F2c98BeEA
  governor: 0x11BCA12B4bb3670E07f3e94EE6324D14109be1Ed
  tokenLock: 0x20afE43994a142C293595Df89Ec0DA9Ad4413330

Success.
   -------------------------------------
   > Total cost:                   0 ETH


Summary
=======
> Total deployments:   14
> Final cost:          0.066334947759958751 ETH


----------------------------------------------------------------------------------------------------------------------------------------------------


W:\Projects\INC\inc-contracts>set NODE_ENV=dev&&truffle migrate -f 100 --to 100 --network mumbai --reset --compile-none
⚠ Loading testnet data

Compiling your contracts...
===========================
> Compilation skipped because --compile-none option was passed.



Starting migrations...
======================
> Network name:    'mumbai'
> Network id:      80001
> Block gas limit: 20372226 (0x136db02)


100_test.js
===========

   Replacing 'SurveyFactory'
   -------------------------
   > transaction hash:    0xe914912f00c1b6f1a801c78ab8ba19a818156abac3c2994d7ede822c1b5ddf68
   > Blocks: 2            Seconds: 8
   > contract address:    0x3592326D9E597dFaaaBAdcc254Aa45b22A5AFCB5
   > block number:        29216175
   > block timestamp:     1668798776
   > account:             0xd60895f56be15E15fc450bcad08f97937Eb6D31a
   > balance:             7.046658138884536259
   > gas used:            4874698 (0x4a61ca)
   > gas price:           2.500000008 gwei
   > value sent:          0 ETH
   > total cost:          0.012186745038997584 ETH

   > Saving artifacts
   -------------------------------------
   > Total cost:     0.012186745038997584 ETH


Summary
=======
> Total deployments:   1
> Final cost:          0.012186745038997584 ETH

