PS W:\Projects\Blockchain\inc-contracts> truffle migrate --network mumbai

Compiling your contracts...
===========================
> Compiling .\contracts\INCForwarder.sol
> Compiling .\contracts\INCToken.sol
> Compiling .\contracts\LPMigrator.sol
> Compiling .\contracts\Migrations.sol
> Compiling .\contracts\TokenInterest.sol
> Compiling .\contracts\TokenOffer.sol
> Compiling .\contracts\abstractions\Context.sol
> Compiling .\contracts\abstractions\EIP712.sol
> Compiling .\contracts\abstractions\Forwardable.sol
> Compiling .\contracts\abstractions\Manageable.sol
> Compiling .\contracts\abstractions\Ownable.sol
> Compiling .\contracts\abstractions\Pausable.sol
> Compiling .\contracts\abstractions\ReentrancyGuard.sol
> Compiling .\contracts\impl\ERC20.sol
> Compiling .\contracts\impl\ERC20Base.sol
> Compiling .\contracts\impl\ERC20Permit.sol
> Compiling .\contracts\interfaces\IERC20.sol
> Compiling .\contracts\interfaces\IERC20Metadata.sol
> Compiling .\contracts\interfaces\IERC20Permit.sol
> Compiling .\contracts\interfaces\IForwarder.sol
> Compiling .\contracts\interfaces\IHolding.sol
> Compiling .\contracts\interfaces\ILPMigrator.sol
> Compiling .\contracts\interfaces\IMeasurement.sol
> Compiling .\contracts\interfaces\ITokenSeller.sol
> Compiling .\contracts\libraries\Counters.sol
> Compiling .\contracts\libraries\ECDSA.sol
> Compiling .\contracts\libraries\Helper.sol
> Compiling .\contracts\libraries\Math.sol
> Compiling .\contracts\survey\SurveyBase.sol
> Compiling .\contracts\survey\SurveyEngine.sol
> Compiling .\contracts\survey\SurveyINC.sol
> Compiling .\contracts\survey\SurveyValidator.sol
> Compiling .\contracts\survey\interfaces\ISurveyBase.sol
> Compiling .\contracts\survey\interfaces\ISurveyINC.sol
> Compiling .\contracts\survey\interfaces\ISurveyModel.sol
> Compiling .\contracts\survey\interfaces\ISurveyValidator.sol
> Compiling .\contracts\survey\interfaces\ISurveyValidatorModel.sol
> Compiling .\contracts\survey\libraries\Integers.sol
> Compiling .\contracts\survey\libraries\Strings.sol
> Compiling .\contracts\test\Console.sol
> Compiling .\contracts\test\DeflatingERC20.sol
> Compiling .\contracts\test\ERC20Test.sol
> Compiling .\contracts\test\Temp.sol
> Compiling .\contracts\test\TimeManipulator.sol
> Compiling .\contracts\test\WETH9.sol
> Compiling .\contracts\uniswapv2\UniswapV2ERC20.sol
> Compiling .\contracts\uniswapv2\UniswapV2Factory.sol
> Compiling .\contracts\uniswapv2\UniswapV2Pair.sol
> Compiling .\contracts\uniswapv2\UniswapV2Router02.sol
> Compiling .\contracts\uniswapv2\interfaces\IUniswapV2Callee.sol
> Compiling .\contracts\uniswapv2\interfaces\IUniswapV2ERC20.sol
> Compiling .\contracts\uniswapv2\interfaces\IUniswapV2Factory.sol
> Compiling .\contracts\uniswapv2\interfaces\IUniswapV2Pair.sol
> Compiling .\contracts\uniswapv2\interfaces\IUniswapV2Router01.sol
> Compiling .\contracts\uniswapv2\interfaces\IUniswapV2Router02.sol
> Compiling .\contracts\uniswapv2\interfaces\IWETH.sol
> Compiling .\contracts\uniswapv2\libraries\TransferHelper.sol
> Compiling .\contracts\uniswapv2\libraries\UQ112x112.sol
> Compiling .\contracts\uniswapv2\libraries\UniswapV2Library.sol
> Artifacts written to W:\Projects\Blockchain\inc-contracts\build\contracts
> Compiled successfully using:
   - solc: 0.8.0+commit.c7dfd78e.Emscripten.clang



Starting migrations...
======================
> Network name:    'mumbai'
> Network id:      80001
> Block gas limit: 20000000 (0x1312d00)


1_initial_migration.js
======================
   -------------------------------------
   > Total cost:                   0 ETH


2_inc_token.js
==============

   Replacing 'Integers'
   --------------------
   > transaction hash:    0x946430ae4ee4ebcdbbc2b0703daba825db93e1a5edddcf093909ea366dd4ae86
   > Blocks: 0            Seconds: 0
   > contract address:    0xc219510861a077fCD418635aa6572d2FE7eE3B37
   > block number:        25098922
   > block timestamp:     1645284209
   > account:             0x535A762e7EE02c9FAfc7607Bf6c5f7aF74a47e92
   > balance:             4.697996114322651529
   > gas used:            72205 (0x11a0d)
   > gas price:           2.500000012 gwei
   > value sent:          0 ETH
   > total cost:          0.00018051250086646 ETH

   Pausing for 2 confirmations...
   ------------------------------
   > confirmation number: 1 (block: 25098923)
   > confirmation number: 2 (block: 25098924)

   Replacing 'Strings'
   -------------------
   > transaction hash:    0x6a5218d38c6b53f265ccb9dd3de40443631dd7a289bd4fc708b26af1eaee3efa
   > Blocks: 1            Seconds: 4
   > contract address:    0x7E9aCbF1a6b20443885Ed6BB8d8840F2E83FB47c
   > block number:        25098926
   > block timestamp:     1645284225
   > account:             0x535A762e7EE02c9FAfc7607Bf6c5f7aF74a47e92
   > balance:             4.697815601821857274
   > gas used:            72205 (0x11a0d)
   > gas price:           2.500000011 gwei
   > value sent:          0 ETH
   > total cost:          0.000180512500794255 ETH

   Pausing for 2 confirmations...
   ------------------------------
   > confirmation number: 1 (block: 25098927)
   > confirmation number: 2 (block: 25098928)

   Replacing 'Helper'
   ------------------
   > transaction hash:    0xf4f0d13780d6dc22d788655de5d341e09e4421f8a36626b0f08158feb8f7316e
   > Blocks: 1            Seconds: 4
   > contract address:    0x28Aa4BDAF56be2116C903c87Dd21c2c500F89BeF
   > block number:        25098930
   > block timestamp:     1645284241
   > account:             0x535A762e7EE02c9FAfc7607Bf6c5f7aF74a47e92
   > balance:             4.697635149321207645
   > gas used:            72181 (0x119f5)
   > gas price:           2.500000009 gwei
   > value sent:          0 ETH
   > total cost:          0.000180452500649629 ETH

   Pausing for 2 confirmations...
   ------------------------------
   > confirmation number: 1 (block: 25098931)
   > confirmation number: 2 (block: 25098932)

   Replacing 'Math'
   ----------------
   > transaction hash:    0xb5785ad57e9640b619b7a5d20ac0fdc9def206a7fe6d39d2df41e463691e6151
   > Blocks: 1            Seconds: 4
   > contract address:    0x752383A999e533C7E2E6DF3AD341b9bDf1AEB20F
   > block number:        25098934
   > block timestamp:     1645284257
   > account:             0x535A762e7EE02c9FAfc7607Bf6c5f7aF74a47e92
   > balance:             4.697454636820485595
   > gas used:            72205 (0x11a0d)
   > gas price:           2.50000001 gwei
   > value sent:          0 ETH
   > total cost:          0.00018051250072205 ETH

   Pausing for 2 confirmations...
   ------------------------------
   > confirmation number: 1 (block: 25098935)
   > confirmation number: 2 (block: 25098936)

   Replacing 'INCToken'
   --------------------
   > transaction hash:    0x8366082af4849a506b39f0ad6aa52d96068f625cb7f39cd9ed5b49bba2906f52
   > Blocks: 1            Seconds: 4
   > contract address:    0xe99797f4e67623406e7a2A221cFF9230E339565C
   > block number:        25098938
   > block timestamp:     1645284273
   > account:             0x535A762e7EE02c9FAfc7607Bf6c5f7aF74a47e92
   > balance:             4.688127899283178645
   > gas used:            3730695 (0x38ed07)
   > gas price:           2.50000001 gwei
   > value sent:          0 ETH
   > total cost:          0.00932673753730695 ETH

   Pausing for 2 confirmations...
   ------------------------------
   > confirmation number: 1 (block: 25098939)
   > confirmation number: 2 (block: 25098940)

   Replacing 'TokenOffer'
   ----------------------
   > transaction hash:    0x7ea2b4b83125397a6f114ad08e3bb98daf4c6675326b317e45f20f69e55b0d32
   > Blocks: 1            Seconds: 4
   > contract address:    0xebe26b571E1904Dc89e544DDE84b8F9378428575
   > block number:        25098942
   > block timestamp:     1645284289
   > account:             0x535A762e7EE02c9FAfc7607Bf6c5f7aF74a47e92
   > balance:             4.683441304266306903
   > gas used:            1874638 (0x1c9ace)
   > gas price:           2.500000009 gwei
   > value sent:          0 ETH
   > total cost:          0.004686595016871742 ETH

   Pausing for 2 confirmations...
   ------------------------------
   > confirmation number: 1 (block: 25098943)
   > confirmation number: 2 (block: 25098944)

   Replacing 'TokenInterest'
   -------------------------
   > transaction hash:    0x42675505040b5e31aa80bed6bddb4cd3366b5b2196487fe94dc6a01b21423c96
   > Blocks: 2            Seconds: 4
   > contract address:    0xc78A8A3117093d7d3c518DdD0F813DC3f7EC2806
   > block number:        25098947
   > block timestamp:     1645284305
   > account:             0x535A762e7EE02c9FAfc7607Bf6c5f7aF74a47e92
   > balance:             4.676364789243662055
   > gas used:            2830606 (0x2b310e)
   > gas price:           2.500000008 gwei
   > value sent:          0 ETH
   > total cost:          0.007076515022644848 ETH

   Pausing for 2 confirmations...
   ------------------------------
   > confirmation number: 2 (block: 25098950)

   Replacing 'SurveyINC'
   ---------------------
   > transaction hash:    0xbaa8db04466149b71d71d4e09d4a916b1924a66a8972133ef2a90233cd750a14
   > Blocks: 2            Seconds: 4
   > contract address:    0x85ACe8A40b8a5c3C9D879e9670E5947f9dD51795
   > block number:        25098953
   > block timestamp:     1645284317
   > account:             0x535A762e7EE02c9FAfc7607Bf6c5f7aF74a47e92
   > balance:             4.664203794204746871
   > gas used:            4864398 (0x4a398e)
   > gas price:           2.500000008 gwei
   > value sent:          0 ETH
   > total cost:          0.012160995038915184 ETH

   Pausing for 2 confirmations...
   ------------------------------
   > confirmation number: 2 (block: 25098956)

   Replacing 'SurveyValidator'
   ---------------------------
   > transaction hash:    0x04df586a19b195b6ff3b215fc06091d7893cd0c0f3790f1a249797ebeaa658ea
   > Blocks: 2            Seconds: 4
   > contract address:    0x9eb71Cc13886aa8B2456dB4E779e80165437d0A7
   > block number:        25098959
   > block timestamp:     1645284329
   > account:             0x535A762e7EE02c9FAfc7607Bf6c5f7aF74a47e92
   > balance:             4.651652774164583607
   > gas used:            5020408 (0x4c9af8)
   > gas price:           2.500000008 gwei
   > value sent:          0 ETH
   > total cost:          0.012551020040163264 ETH

   Pausing for 2 confirmations...
   ------------------------------
   > confirmation number: 3 (block: 25098962)

   Replacing 'INCForwarder'
   ------------------------
   > transaction hash:    0x9c9ba67c9ef9f0bc256a4d15de8a50b392e714b041263a22e17a5754e1e19629
   > Blocks: 2            Seconds: 4
   > contract address:    0xCF7891C5d24ee1E6Afc4811c7Ed826DCF62aB34C
   > block number:        25098965
   > block timestamp:     1645284341
   > account:             0x535A762e7EE02c9FAfc7607Bf6c5f7aF74a47e92
   > balance:             4.648149556653373311
   > gas used:            1401287 (0x1561c7)
   > gas price:           2.500000008 gwei
   > value sent:          0 ETH
   > total cost:          0.003503217511210296 ETH

   Pausing for 2 confirmations...
   ------------------------------
   > confirmation number: 3 (block: 25098968)

   Replacing 'SurveyEngine'
   ------------------------
   > transaction hash:    0x9f39256b73d153db22f4f7735c91bd3a95e44dd48b425221101190f143a21003
   > Blocks: 0            Seconds: 0
   > contract address:    0x03646F5aFa414FF536a4A585AC1bB410D8d923bf
   > block number:        25098970
   > block timestamp:     1645284351
   > account:             0x535A762e7EE02c9FAfc7607Bf6c5f7aF74a47e92
   > balance:             4.640690766629505183
   > gas used:            2983516 (0x2d865c)
   > gas price:           2.500000008 gwei
   > value sent:          0 ETH
   > total cost:          0.007458790023868128 ETH

   Pausing for 2 confirmations...
   ------------------------------
   > confirmation number: 2 (block: 25098972)
   > Saving artifacts
   -------------------------------------
   > Total cost:     0.057485860194012806 ETH


3_inc_swap.js
=============
   -------------------------------------
   > Total cost:                   0 ETH


Summary
=======
> Total deployments:   11
> Final cost:          0.057485860194012806 ETH
