======================

  await Helper.at('0x28Aa4BDAF56be2116C903c87Dd21c2c500F89BeF');
  await MathSol.at('0x752383A999e533C7E2E6DF3AD341b9bDf1AEB20F');
  const token = await INCToken.at('0xe99797f4e67623406e7a2A221cFF9230E339565C');

  await deployer.link(Helper, TokenInterest);
  await deployer.link(MathSol, TokenInterest);

  await deployer.deploy(TokenInterest, token.address, 
    [
      interestPercent, interestPeriod, interestGranularity, 
      interestStart, interestEnd
    ]);
  const interest = await TokenInterest.deployed();

  await token.approveTokens(interest.address, allowanceAmount);

======================

PS W:\Projects\Blockchain\inc-contracts> truffle migrate --network mumbai

Compiling your contracts...
===========================
> Compiling .\contracts\INCForwarder.sol
> Compiling .\contracts\INCToken.sol
> Compiling .\contracts\LPMigrator.sol
> Compiling .\contracts\Migrations.sol
> Compiling .\contracts\TokenInterest.sol
> Compiling .\contracts\TokenInterest.sol
> Compiling .\contracts\TokenOffer.sol
> Compiling .\contracts\abstractions\Context.sol
> Compiling .\contracts\abstractions\EIP712.sol
> Compiling .\contracts\abstractions\Forwardable.sol
> Compiling .\contracts\abstractions\Manageable.sol
> Compiling .\contracts\abstractions\Ownable.sol
> Compiling .\contracts\abstractions\Pausable.sol
> Compiling .\contracts\abstractions\ReentrancyGuard.sol
> Compiling .\contracts\impl\ERC20.sol
> Compiling .\contracts\impl\ERC20Base.sol
> Compiling .\contracts\impl\ERC20Permit.sol
> Compiling .\contracts\interfaces\IERC20.sol
> Compiling .\contracts\interfaces\IERC20Metadata.sol
> Compiling .\contracts\interfaces\IERC20Permit.sol
> Compiling .\contracts\interfaces\IForwarder.sol
> Compiling .\contracts\interfaces\IHolding.sol
> Compiling .\contracts\interfaces\ILPMigrator.sol
> Compiling .\contracts\interfaces\IMeasurement.sol
> Compiling .\contracts\interfaces\ITokenSeller.sol
> Compiling .\contracts\libraries\Counters.sol
> Compiling .\contracts\libraries\ECDSA.sol
> Compiling .\contracts\libraries\Helper.sol
> Compiling .\contracts\libraries\Math.sol
> Compiling .\contracts\survey\SurveyBase.sol
> Compiling .\contracts\survey\SurveyEngine.sol
> Compiling .\contracts\survey\SurveyINC.sol
> Compiling .\contracts\survey\SurveyValidator.sol
> Compiling .\contracts\survey\interfaces\ISurveyBase.sol
> Compiling .\contracts\survey\interfaces\ISurveyINC.sol
> Compiling .\contracts\survey\interfaces\ISurveyModel.sol
> Compiling .\contracts\survey\interfaces\ISurveyValidator.sol
> Compiling .\contracts\survey\interfaces\ISurveyValidatorModel.sol
> Compiling .\contracts\survey\libraries\Integers.sol
> Compiling .\contracts\survey\libraries\Strings.sol
> Compiling .\contracts\test\Console.sol
> Compiling .\contracts\test\DeflatingERC20.sol
> Compiling .\contracts\test\ERC20Test.sol
> Compiling .\contracts\test\Temp.sol
> Compiling .\contracts\test\TimeManipulator.sol
> Compiling .\contracts\test\WETH9.sol
> Compiling .\contracts\uniswapv2\UniswapV2ERC20.sol
> Compiling .\contracts\uniswapv2\UniswapV2Factory.sol
> Compiling .\contracts\uniswapv2\UniswapV2Pair.sol
> Compiling .\contracts\uniswapv2\UniswapV2Router02.sol
> Compiling .\contracts\uniswapv2\interfaces\IUniswapV2Callee.sol
> Compiling .\contracts\uniswapv2\interfaces\IUniswapV2ERC20.sol
> Compiling .\contracts\uniswapv2\interfaces\IUniswapV2Factory.sol
> Compiling .\contracts\uniswapv2\interfaces\IUniswapV2Pair.sol
> Compiling .\contracts\uniswapv2\interfaces\IUniswapV2Router01.sol
> Compiling .\contracts\uniswapv2\interfaces\IUniswapV2Router02.sol
> Compiling .\contracts\uniswapv2\interfaces\IWETH.sol
> Compiling .\contracts\uniswapv2\libraries\TransferHelper.sol
> Compiling .\contracts\uniswapv2\libraries\UQ112x112.sol
> Compiling .\contracts\uniswapv2\libraries\UniswapV2Library.sol
> Artifacts written to W:\Projects\Blockchain\inc-contracts\build\contracts
> Compiled successfully using:
   - solc: 0.8.0+commit.c7dfd78e.Emscripten.clang



Starting migrations...
======================
> Network name:    'mumbai'
> Network id:      80001
> Block gas limit: 20000000 (0x1312d00)


1_initial_migration.js
======================
   -------------------------------------
   > Total cost:                   0 ETH


2_inc_token.js
==============
owner  :: 0x535A762e7EE02c9FAfc7607Bf6c5f7aF74a47e92
relayer:: 0xE060e955645a533203512dd3D14302669C9AAC03

   Replacing 'TokenInterest'
   -------------------------
   > transaction hash:    0x541b6bd7f86cf10cd6f9f538ca732103dd20c4847c9878bf7241691259639b6e
   > Blocks: 0            Seconds: 0
   > contract address:    0x2D7570429D7b6f77fEa06D7bBBD765C521A20716
   > block number:        25207324
   > block timestamp:     1645584945
   > account:             0x535A762e7EE02c9FAfc7607Bf6c5f7aF74a47e92
   > balance:             8.628424388672666271
   > gas used:            2752453 (0x29ffc5)
   > gas price:           2.500000007 gwei
   > value sent:          0 ETH
   > total cost:          0.006881132519267171 ETH

   Pausing for 2 confirmations...
   ------------------------------
   > confirmation number: 1 (block: 25207325)
   > confirmation number: 2 (block: 25207326)
   > Saving artifacts
   -------------------------------------
   > Total cost:     0.006881132519267171 ETH


3_inc_swap.js
=============
   -------------------------------------
   > Total cost:                   0 ETH


Summary
=======
> Total deployments:   1
> Final cost:          0.006881132519267171 ETH
